0 info it worked if it ends with ok
1 verbose cli [ 'node', '/usr/local/bin/npm', 'publish' ]
2 info using npm@1.4.14
3 info using node@v0.10.28
4 verbose publish [ '.' ]
5 verbose cache add [ '.', null ]
6 verbose cache add name=undefined spec="." args=[".",null]
7 verbose parsed url { protocol: null,
7 verbose parsed url   slashes: null,
7 verbose parsed url   auth: null,
7 verbose parsed url   host: null,
7 verbose parsed url   port: null,
7 verbose parsed url   hostname: null,
7 verbose parsed url   hash: null,
7 verbose parsed url   search: null,
7 verbose parsed url   query: null,
7 verbose parsed url   pathname: '.',
7 verbose parsed url   path: '.',
7 verbose parsed url   href: '.' }
8 silly lockFile 3a52ce78- .
9 verbose lock . /Users/jeffparrish/.npm/3a52ce78-.lock
10 verbose tar pack [ '/Users/jeffparrish/.npm/ngResource/0.0.1/package.tgz', '.' ]
11 verbose tarball /Users/jeffparrish/.npm/ngResource/0.0.1/package.tgz
12 verbose folder .
13 info prepublish ngResource@0.0.1
14 silly lockFile 1f1177db-tar tar://.
15 verbose lock tar://. /Users/jeffparrish/.npm/1f1177db-tar.lock
16 silly lockFile 06f235ff-npm-ngResource-0-0-1-package-tgz tar:///Users/jeffparrish/.npm/ngResource/0.0.1/package.tgz
17 verbose lock tar:///Users/jeffparrish/.npm/ngResource/0.0.1/package.tgz /Users/jeffparrish/.npm/06f235ff-npm-ngResource-0-0-1-package-tgz.lock
18 silly lockFile 1f1177db-tar tar://.
19 silly lockFile 1f1177db-tar tar://.
20 silly lockFile 06f235ff-npm-ngResource-0-0-1-package-tgz tar:///Users/jeffparrish/.npm/ngResource/0.0.1/package.tgz
21 silly lockFile 06f235ff-npm-ngResource-0-0-1-package-tgz tar:///Users/jeffparrish/.npm/ngResource/0.0.1/package.tgz
22 silly lockFile 08b80a73-ish-npm-ngResource-0-0-1-package /Users/jeffparrish/.npm/ngResource/0.0.1/package
23 verbose lock /Users/jeffparrish/.npm/ngResource/0.0.1/package /Users/jeffparrish/.npm/08b80a73-ish-npm-ngResource-0-0-1-package.lock
24 silly lockFile 08b80a73-ish-npm-ngResource-0-0-1-package /Users/jeffparrish/.npm/ngResource/0.0.1/package
25 silly lockFile 08b80a73-ish-npm-ngResource-0-0-1-package /Users/jeffparrish/.npm/ngResource/0.0.1/package
26 silly lockFile 3a52ce78- .
27 silly lockFile 3a52ce78- .
28 silly publish { name: 'ngResource',
28 silly publish   version: '0.0.1',
28 silly publish   description: 'npm package for angular $resource',
28 silly publish   main: 'index.js',
28 silly publish   scripts: { test: 'echo "Error: no test specified" && exit 1' },
28 silly publish   repository: { type: 'git', url: 'https://github.com/ruffrey/ng-resource' },
28 silly publish   keywords: [ 'angular' ],
28 silly publish   author: { name: 'Jeff Parrish' },
28 silly publish   license: 'MIT',
28 silly publish   bugs: { url: 'https://github.com/ruffrey/ng-resource/issues' },
28 silly publish   homepage: 'https://github.com/ruffrey/ng-resource',
28 silly publish   readme: 'ERROR: No README data found!',
28 silly publish   readmeFilename: 'README.md',
28 silly publish   gitHead: 'df79b1a5c782fa181aebda9f567feff85d2bacc3',
28 silly publish   _id: 'ngResource@0.0.1',
28 silly publish   _shasum: '03bf6cc0b728ccaa779df4c77aa2552963837fc5',
28 silly publish   _from: '.' }
29 verbose url raw ngResource
30 verbose url resolving [ 'https://registry.npmjs.org/', './ngResource' ]
31 verbose url resolved https://registry.npmjs.org/ngResource
32 info trying registry request attempt 1 at 15:47:26
33 http PUT https://registry.npmjs.org/ngResource
34 http 403 https://registry.npmjs.org/ngResource
35 verbose headers { date: 'Mon, 23 Jun 2014 22:47:27 GMT',
35 verbose headers   server: 'CouchDB/1.5.0 (Erlang OTP/R14B04)',
35 verbose headers   'content-type': 'application/json',
35 verbose headers   'cache-control': 'max-age=30',
35 verbose headers   'content-length': '76',
35 verbose headers   'accept-ranges': 'bytes',
35 verbose headers   via: '1.1 varnish',
35 verbose headers   'x-served-by': 'cache-iad2134-IAD',
35 verbose headers   'x-cache': 'MISS',
35 verbose headers   'x-cache-hits': '0',
35 verbose headers   'x-timer': 'S1403563647.530703,VS0,VE309',
35 verbose headers   'keep-alive': 'timeout=10, max=50',
35 verbose headers   connection: 'Keep-Alive' }
36 error publish Failed PUT 403
37 error Error: forbidden New packages must have all-lowercase names: ngResource
37 error     at RegClient.<anonymous> (/usr/local/lib/node_modules/npm/node_modules/npm-registry-client/lib/request.js:274:14)
37 error     at Request._callback (/usr/local/lib/node_modules/npm/node_modules/npm-registry-client/lib/request.js:212:65)
37 error     at Request.self.callback (/usr/local/lib/node_modules/npm/node_modules/request/request.js:123:22)
37 error     at Request.EventEmitter.emit (events.js:98:17)
37 error     at Request.<anonymous> (/usr/local/lib/node_modules/npm/node_modules/request/request.js:893:14)
37 error     at Request.EventEmitter.emit (events.js:117:20)
37 error     at IncomingMessage.<anonymous> (/usr/local/lib/node_modules/npm/node_modules/request/request.js:844:12)
37 error     at IncomingMessage.EventEmitter.emit (events.js:117:20)
37 error     at _stream_readable.js:919:16
37 error     at process._tickCallback (node.js:419:13)
38 error If you need help, you may report this *entire* log,
38 error including the npm and node versions, at:
38 error     <http://github.com/npm/npm/issues>
39 error System Darwin 13.2.0
40 error command "node" "/usr/local/bin/npm" "publish"
41 error cwd /Users/jeffparrish/ngResource
42 error node -v v0.10.28
43 error npm -v 1.4.14
44 verbose exit [ 1, true ]
